
The following files have been resolved:
   com.netflix.netflix-commons:netflix-commons-util:jar:0.1.1:runtime
   commons-configuration:commons-configuration:jar:1.8:compile
   org.springframework.boot:spring-boot-starter-tomcat:jar:1.4.2.RELEASE:compile
   aopalliance:aopalliance:jar:1.0:runtime
   com.netflix.netflix-commons:netflix-infix:jar:0.3.0:runtime
   org.mockito:mockito-core:jar:1.10.19:compile
   org.apache.httpcomponents:httpcore:jar:4.4.5:runtime
   org.antlr:stringtemplate:jar:3.2.1:runtime
   io.netty:netty-codec:jar:4.0.27.Final:runtime
   org.springframework.cloud:spring-cloud-netflix-core:jar:1.3.0.RELEASE:compile
   org.apache.commons:commons-math:jar:2.2:runtime
   com.netflix.archaius:archaius-core:jar:0.7.4:compile
   com.jayway.jsonpath:json-path:jar:2.2.0:compile
   org.springframework.cloud:spring-cloud-starter-archaius:jar:1.3.0.RELEASE:compile
   org.springframework.boot:spring-boot-test:jar:1.4.2.RELEASE:compile
   org.springframework:spring-core:jar:4.3.4.RELEASE:compile
   com.google.code.findbugs:jsr305:jar:3.0.1:runtime
   org.springframework.cloud:spring-cloud-starter-eureka-server:jar:1.3.0.RELEASE:compile
   io.reactivex:rxnetty-servo:jar:0.4.9:runtime
   org.springframework.boot:spring-boot-starter:jar:1.4.2.RELEASE:compile
   io.netty:netty-buffer:jar:4.0.27.Final:runtime
   org.springframework.security:spring-security-crypto:jar:4.1.3.RELEASE:compile
   com.fasterxml.jackson.core:jackson-core:jar:2.8.4:compile
   javax.validation:validation-api:jar:1.1.0.Final:compile
   org.springframework:spring-test:jar:4.3.4.RELEASE:compile
   io.netty:netty-codec-http:jar:4.0.27.Final:runtime
   org.slf4j:jcl-over-slf4j:jar:1.7.21:compile
   org.springframework.cloud:spring-cloud-commons:jar:1.2.0.RELEASE:compile
   com.netflix.hystrix:hystrix-core:jar:1.5.10:runtime
   org.ow2.asm:asm:jar:5.0.3:compile
   io.reactivex:rxnetty-contexts:jar:0.4.9:runtime
   org.bouncycastle:bcpkix-jdk15on:jar:1.55:compile
   org.bouncycastle:bcprov-jdk15on:jar:1.55:compile
   io.netty:netty-transport-native-epoll:jar:4.0.27.Final:runtime
   org.hdrhistogram:HdrHistogram:jar:2.1.9:runtime
   org.springframework.cloud:spring-cloud-netflix-eureka-client:jar:1.3.0.RELEASE:compile
   commons-lang:commons-lang:jar:2.6:compile
   org.springframework:spring-aop:jar:4.3.4.RELEASE:compile
   org.apache.tomcat.embed:tomcat-embed-websocket:jar:8.5.6:compile
   io.reactivex:rxjava:jar:1.1.10:compile
   com.sun.jersey:jersey-core:jar:1.19.1:compile
   org.springframework.boot:spring-boot-starter-test:jar:1.4.2.RELEASE:compile
   org.freemarker:freemarker:jar:2.3.25-incubating:compile
   org.springframework:spring-context-support:jar:4.3.4.RELEASE:compile
   commons-codec:commons-codec:jar:1.10:runtime
   com.sun.jersey:jersey-server:jar:1.19.1:compile
   javax.ws.rs:jsr311-api:jar:1.1.1:compile
   org.codehaus.jettison:jettison:jar:1.3.7:runtime
   com.fasterxml.jackson.module:jackson-module-jaxb-annotations:jar:2.8.4:compile
   com.netflix.ribbon:ribbon:jar:2.2.2:compile
   com.google.code.gson:gson:jar:2.7:runtime
   com.thoughtworks.xstream:xstream:jar:1.4.9:compile
   javax.inject:javax.inject:jar:1:compile
   org.slf4j:slf4j-api:jar:1.7.21:compile
   com.netflix.eureka:eureka-client:jar:1.6.2:compile
   com.sun.jersey:jersey-servlet:jar:1.19.1:compile
   org.springframework.boot:spring-boot-starter-web:jar:1.4.2.RELEASE:compile
   com.fasterxml.jackson.core:jackson-databind:jar:2.8.4:compile
   javax.xml.stream:stax-api:jar:1.0-2:runtime
   com.google.guava:guava:jar:18.0:compile
   com.sun.jersey.contribs:jersey-apache-client4:jar:1.19.1:runtime
   ch.qos.logback:logback-classic:jar:1.1.7:compile
   net.minidev:accessors-smart:jar:1.1:compile
   com.fasterxml.jackson.dataformat:jackson-dataformat-xml:jar:2.8.4:compile
   org.springframework.boot:spring-boot:jar:1.4.2.RELEASE:compile
   org.springframework:spring-expression:jar:4.3.4.RELEASE:compile
   org.skyscreamer:jsonassert:jar:1.3.0:compile
   org.jboss.logging:jboss-logging:jar:3.3.0.Final:compile
   org.assertj:assertj-core:jar:2.5.0:compile
   com.fasterxml.jackson.core:jackson-annotations:jar:2.8.4:compile
   org.springframework.cloud:spring-cloud-netflix-eureka-server:jar:1.3.0.RELEASE:compile
   stax:stax-api:jar:1.0.1:runtime
   org.antlr:antlr-runtime:jar:3.4:runtime
   com.sun.jersey:jersey-client:jar:1.19.1:runtime
   io.netty:netty-handler:jar:4.0.27.Final:runtime
   org.springframework.boot:spring-boot-starter-actuator:jar:1.4.2.RELEASE:compile
   com.google.inject:guice:jar:4.1.0:runtime
   org.slf4j:jul-to-slf4j:jar:1.7.21:compile
   org.hibernate:hibernate-validator:jar:5.2.4.Final:compile
   org.hamcrest:hamcrest-library:jar:1.3:compile
   joda-time:joda-time:jar:2.9.5:runtime
   com.netflix.servo:servo-core:jar:0.10.1:runtime
   antlr:antlr:jar:2.7.7:runtime
   org.yaml:snakeyaml:jar:1.17:runtime
   org.apache.httpcomponents:httpclient:jar:4.5.2:runtime
   org.apache.tomcat.embed:tomcat-embed-core:jar:8.5.6:compile
   org.springframework:spring-beans:jar:4.3.4.RELEASE:compile
   xmlpull:xmlpull:jar:1.1.3.1:compile
   com.netflix.ribbon:ribbon-loadbalancer:jar:2.2.2:compile
   org.springframework:spring-webmvc:jar:4.3.4.RELEASE:compile
   org.hamcrest:hamcrest-core:jar:1.3:compile
   org.json:json:jar:20140107:compile
   org.springframework.cloud:spring-cloud-starter-ribbon:jar:1.3.0.RELEASE:compile
   org.springframework.boot:spring-boot-test-autoconfigure:jar:1.4.2.RELEASE:compile
   org.codehaus.woodstox:woodstox-core-asl:jar:4.4.1:runtime
   commons-jxpath:commons-jxpath:jar:1.3:runtime
   com.netflix.eureka:eureka-core:jar:1.6.2:compile
   org.springframework.boot:spring-boot-actuator:jar:1.4.2.RELEASE:compile
   io.reactivex:rxnetty:jar:0.4.9:runtime
   org.slf4j:log4j-over-slf4j:jar:1.7.21:compile
   org.springframework.cloud:spring-cloud-context:jar:1.2.0.RELEASE:compile
   com.netflix.ribbon:ribbon-httpclient:jar:2.2.2:compile
   org.springframework:spring-web:jar:4.3.4.RELEASE:compile
   io.netty:netty-transport:jar:4.0.27.Final:runtime
   org.apache.tomcat.embed:tomcat-embed-el:jar:8.5.6:compile
   com.netflix.ribbon:ribbon-core:jar:2.2.2:compile
   xpp3:xpp3_min:jar:1.1.4c:compile
   org.springframework.boot:spring-boot-devtools:jar:1.4.2.RELEASE:compile
   com.netflix.netflix-commons:netflix-statistics:jar:0.1.1:runtime
   org.springframework.boot:spring-boot-starter-freemarker:jar:1.4.2.RELEASE:compile
   org.objenesis:objenesis:jar:2.1:runtime
   org.springframework.boot:spring-boot-starter-logging:jar:1.4.2.RELEASE:compile
   org.springframework.cloud:spring-cloud-starter:jar:1.2.0.RELEASE:compile
   org.springframework:spring-context:jar:4.3.4.RELEASE:compile
   org.codehaus.woodstox:stax2-api:jar:3.1.4:compile
   commons-collections:commons-collections:jar:3.2.2:runtime
   junit:junit:jar:4.12:compile
   com.netflix.servo:servo-internal:jar:0.10.1:runtime
   com.netflix.netflix-commons:netflix-eventbus:jar:0.3.0:runtime
   com.netflix.ribbon:ribbon-transport:jar:2.2.2:runtime
   com.netflix.ribbon:ribbon-eureka:jar:2.2.2:compile
   net.minidev:json-smart:jar:2.2.1:compile
   com.fasterxml.woodstox:woodstox-core:jar:5.0.2:compile
   org.springframework.boot:spring-boot-autoconfigure:jar:1.4.2.RELEASE:compile
   io.netty:netty-common:jar:4.0.27.Final:runtime
   com.fasterxml:classmate:jar:1.3.3:compile
   ch.qos.logback:logback-core:jar:1.1.7:compile
   org.springframework.security:spring-security-rsa:jar:1.0.3.RELEASE:compile

